2019-08-12T05:38:52+00:00 CRITICAL Uncaught Error: Call to a member function get_image() on string in E:\xampp\htdocs\eshop\wp-content\plugins\woocommerce\includes\wc-template-functions.php:1321
Stack trace:
#0 E:\xampp\htdocs\eshop\wp-content\plugins\woocommerce\includes\wc-template-functions.php(1275): woocommerce_get_product_thumbnail()
#1 E:\xampp\htdocs\eshop\wp-content\themes\eshop\woocommerce\single-product.php(45): woocommerce_template_loop_product_thumbnail()
#2 E:\xampp\htdocs\eshop\wp-includes\template-loader.php(78): include('E:\\xampp\\htdocs...')
#3 E:\xampp\htdocs\eshop\wp-blog-header.php(19): require_once('E:\\xampp\\htdocs...')
#4 E:\xampp\htdocs\eshop\index.php(17): require('E:\\xampp\\htdocs...')
#5 {main}
  thrown in E:\xampp\htdocs\eshop\wp-content\plugins\woocommerce\includes\wc-template-functions.php on line 1321

2019-08-12T07:16:22+00:00 CRITICAL Uncaught ArgumentCountError: Too few arguments to function remove_action(), 1 passed in E:\xampp\htdocs\eshop\wp-content\themes\eshop\woocommerce\loop\loop-start.php on line 139 and at least 2 expected in E:\xampp\htdocs\eshop\wp-includes\plugin.php:570
Stack trace:
#0 E:\xampp\htdocs\eshop\wp-content\themes\eshop\woocommerce\loop\loop-start.php(139): remove_action('woocommerce_bef...')
#1 E:\xampp\htdocs\eshop\wp-content\plugins\woocommerce\includes\wc-core-functions.php(249): include('E:\\xampp\\htdocs...')
#2 E:\xampp\htdocs\eshop\wp-content\plugins\woocommerce\includes\wc-template-functions.php(1081): wc_get_template('loop/loop-start...')
#3 E:\xampp\htdocs\eshop\wp-content\themes\eshop\woocommerce\archive-product.php(51): woocommerce_product_loop_start()
#4 E:\xampp\htdocs\eshop\wp-includes\template-loader.php(78): include('E:\\xampp\\htdocs...')
#5 E:\xampp\htdocs\eshop\wp-blog-header.php(19): require_once('E:\\xampp\\htdocs...')
#6 E:\xampp\htdocs\eshop\index.php(17): require('E:\\xampp\\htdocs...')
#7 in E:\xampp\htdocs\eshop\wp-includes\plugin.php on line 570

2019-08-12T07:16:37+00:00 CRITICAL Uncaught ArgumentCountError: Too few arguments to function remove_action(), 1 passed in E:\xampp\htdocs\eshop\wp-content\themes\eshop\woocommerce\loop\loop-start.php on line 139 and at least 2 expected in E:\xampp\htdocs\eshop\wp-includes\plugin.php:570
Stack trace:
#0 E:\xampp\htdocs\eshop\wp-content\themes\eshop\woocommerce\loop\loop-start.php(139): remove_action('woocommerce_bef...')
#1 E:\xampp\htdocs\eshop\wp-content\plugins\woocommerce\includes\wc-core-functions.php(249): include('E:\\xampp\\htdocs...')
#2 E:\xampp\htdocs\eshop\wp-content\plugins\woocommerce\includes\wc-template-functions.php(1081): wc_get_template('loop/loop-start...')
#3 E:\xampp\htdocs\eshop\wp-content\themes\eshop\woocommerce\archive-product.php(51): woocommerce_product_loop_start()
#4 E:\xampp\htdocs\eshop\wp-includes\template-loader.php(78): include('E:\\xampp\\htdocs...')
#5 E:\xampp\htdocs\eshop\wp-blog-header.php(19): require_once('E:\\xampp\\htdocs...')
#6 E:\xampp\htdocs\eshop\index.php(17): require('E:\\xampp\\htdocs...')
#7 in E:\xampp\htdocs\eshop\wp-includes\plugin.php on line 570

2019-08-12T07:16:52+00:00 CRITICAL Uncaught ArgumentCountError: Too few arguments to function remove_action(), 1 passed in E:\xampp\htdocs\eshop\wp-content\themes\eshop\woocommerce\loop\loop-start.php on line 139 and at least 2 expected in E:\xampp\htdocs\eshop\wp-includes\plugin.php:570
Stack trace:
#0 E:\xampp\htdocs\eshop\wp-content\themes\eshop\woocommerce\loop\loop-start.php(139): remove_action('woocommerce_bef...')
#1 E:\xampp\htdocs\eshop\wp-content\plugins\woocommerce\includes\wc-core-functions.php(249): include('E:\\xampp\\htdocs...')
#2 E:\xampp\htdocs\eshop\wp-content\plugins\woocommerce\includes\wc-template-functions.php(1081): wc_get_template('loop/loop-start...')
#3 E:\xampp\htdocs\eshop\wp-content\themes\eshop\woocommerce\archive-product.php(51): woocommerce_product_loop_start()
#4 E:\xampp\htdocs\eshop\wp-includes\template-loader.php(78): include('E:\\xampp\\htdocs...')
#5 E:\xampp\htdocs\eshop\wp-blog-header.php(19): require_once('E:\\xampp\\htdocs...')
#6 E:\xampp\htdocs\eshop\index.php(17): require('E:\\xampp\\htdocs...')
#7 in E:\xampp\htdocs\eshop\wp-includes\plugin.php on line 570

2019-08-12T07:30:47+00:00 CRITICAL syntax error, unexpected '?>', expecting ')' in E:\xampp\htdocs\eshop\wp-content\themes\eshop\woocommerce\loop\loop-start.php on line 140

