2019-08-25T05:41:29+00:00 CRITICAL syntax error, unexpected end of file in E:\xampp\htdocs\eshop\wp-content\themes\eshop\home.php on line 80

2019-08-25T06:12:15+00:00 CRITICAL syntax error, unexpected end of file in E:\xampp\htdocs\eshop\wp-content\themes\eshop\home.php on line 186

2019-08-25T06:18:47+00:00 CRITICAL syntax error, unexpected 'endwhile' (T_ENDWHILE) in E:\xampp\htdocs\eshop\wp-content\themes\eshop\home.php on line 140

2019-08-25T06:19:00+00:00 CRITICAL syntax error, unexpected end of file in E:\xampp\htdocs\eshop\wp-content\themes\eshop\home.php on line 174

2019-08-25T06:47:15+00:00 CRITICAL syntax error, unexpected 'endwhile' (T_ENDWHILE) in E:\xampp\htdocs\eshop\wp-content\themes\eshop\home.php on line 127

2019-08-25T06:56:17+00:00 CRITICAL syntax error, unexpected 'endwhile' (T_ENDWHILE) in E:\xampp\htdocs\eshop\wp-content\themes\eshop\home.php on line 148

2019-08-25T08:19:31+00:00 CRITICAL syntax error, unexpected 'endif' (T_ENDIF), expecting end of file in E:\xampp\htdocs\eshop\wp-content\themes\eshop\home.php on line 523

2019-08-25T10:06:40+00:00 CRITICAL Uncaught Error: Call to undefined function haatbazaar_posted_by() in E:\xampp\htdocs\eshop\wp-content\themes\eshop\template-parts\content-blog.php:25
Stack trace:
#0 E:\xampp\htdocs\eshop\wp-includes\template.php(724): require()
#1 E:\xampp\htdocs\eshop\wp-includes\template.php(671): load_template('E:\\xampp\\htdocs...', false)
#2 E:\xampp\htdocs\eshop\wp-includes\general-template.php(168): locate_template(Array, true, false)
#3 E:\xampp\htdocs\eshop\wp-content\themes\eshop\page-blog.php(12): get_template_part('template-parts/...')
#4 E:\xampp\htdocs\eshop\wp-includes\template-loader.php(78): include('E:\\xampp\\htdocs...')
#5 E:\xampp\htdocs\eshop\wp-blog-header.php(19): require_once('E:\\xampp\\htdocs...')
#6 E:\xampp\htdocs\eshop\index.php(17): require('E:\\xampp\\htdocs...')
#7 {main}
  thrown in E:\xampp\htdocs\eshop\wp-content\themes\eshop\template-parts\content-blog.php on line 25

2019-08-25T10:08:08+00:00 CRITICAL Uncaught Error: Call to undefined function haatbazaar_posted_by() in E:\xampp\htdocs\eshop\wp-content\themes\eshop\template-parts\content-blog.php:25
Stack trace:
#0 E:\xampp\htdocs\eshop\wp-includes\template.php(724): require()
#1 E:\xampp\htdocs\eshop\wp-includes\template.php(671): load_template('E:\\xampp\\htdocs...', false)
#2 E:\xampp\htdocs\eshop\wp-includes\general-template.php(168): locate_template(Array, true, false)
#3 E:\xampp\htdocs\eshop\wp-content\themes\eshop\page-blog.php(12): get_template_part('template-parts/...')
#4 E:\xampp\htdocs\eshop\wp-includes\template-loader.php(78): include('E:\\xampp\\htdocs...')
#5 E:\xampp\htdocs\eshop\wp-blog-header.php(19): require_once('E:\\xampp\\htdocs...')
#6 E:\xampp\htdocs\eshop\index.php(17): require('E:\\xampp\\htdocs...')
#7 {main}
  thrown in E:\xampp\htdocs\eshop\wp-content\themes\eshop\template-parts\content-blog.php on line 25

2019-08-25T10:10:46+00:00 CRITICAL syntax error, unexpected 'endwhile' (T_ENDWHILE) in E:\xampp\htdocs\eshop\wp-content\themes\eshop\template-parts\content-blog.php on line 45

2019-08-25T10:11:10+00:00 CRITICAL syntax error, unexpected 'endwhile' (T_ENDWHILE) in E:\xampp\htdocs\eshop\wp-content\themes\eshop\template-parts\content-blog.php on line 45

2019-08-25T10:39:36+00:00 CRITICAL syntax error, unexpected 'endwhile' (T_ENDWHILE) in E:\xampp\htdocs\eshop\wp-content\themes\eshop\template-parts\content-blog.php on line 45

2019-08-25T10:40:13+00:00 CRITICAL syntax error, unexpected 'endwhile' (T_ENDWHILE) in E:\xampp\htdocs\eshop\wp-content\themes\eshop\template-parts\content-blog.php on line 45

2019-08-25T10:40:22+00:00 CRITICAL syntax error, unexpected 'endwhile' (T_ENDWHILE) in E:\xampp\htdocs\eshop\wp-content\themes\eshop\template-parts\content-blog.php on line 45

2019-08-25T10:40:25+00:00 CRITICAL syntax error, unexpected 'endwhile' (T_ENDWHILE) in E:\xampp\htdocs\eshop\wp-content\themes\eshop\template-parts\content-blog.php on line 45

2019-08-25T10:40:36+00:00 CRITICAL syntax error, unexpected 'endwhile' (T_ENDWHILE) in E:\xampp\htdocs\eshop\wp-content\themes\eshop\template-parts\content-blog.php on line 45

2019-08-25T10:50:11+00:00 CRITICAL Uncaught Error: Call to undefined function posted_on() in E:\xampp\htdocs\eshop\wp-content\themes\eshop\template-parts\content-blog.php:35
Stack trace:
#0 E:\xampp\htdocs\eshop\wp-includes\template.php(724): require()
#1 E:\xampp\htdocs\eshop\wp-includes\template.php(671): load_template('E:\\xampp\\htdocs...', false)
#2 E:\xampp\htdocs\eshop\wp-includes\general-template.php(168): locate_template(Array, true, false)
#3 E:\xampp\htdocs\eshop\wp-content\themes\eshop\page-blog.php(12): get_template_part('template-parts/...')
#4 E:\xampp\htdocs\eshop\wp-includes\template-loader.php(78): include('E:\\xampp\\htdocs...')
#5 E:\xampp\htdocs\eshop\wp-blog-header.php(19): require_once('E:\\xampp\\htdocs...')
#6 E:\xampp\htdocs\eshop\index.php(17): require('E:\\xampp\\htdocs...')
#7 {main}
  thrown in E:\xampp\htdocs\eshop\wp-content\themes\eshop\template-parts\content-blog.php on line 35

2019-08-25T10:50:18+00:00 CRITICAL Uncaught Error: Call to undefined function get_posted_on() in E:\xampp\htdocs\eshop\wp-content\themes\eshop\template-parts\content-blog.php:35
Stack trace:
#0 E:\xampp\htdocs\eshop\wp-includes\template.php(724): require()
#1 E:\xampp\htdocs\eshop\wp-includes\template.php(671): load_template('E:\\xampp\\htdocs...', false)
#2 E:\xampp\htdocs\eshop\wp-includes\general-template.php(168): locate_template(Array, true, false)
#3 E:\xampp\htdocs\eshop\wp-content\themes\eshop\page-blog.php(12): get_template_part('template-parts/...')
#4 E:\xampp\htdocs\eshop\wp-includes\template-loader.php(78): include('E:\\xampp\\htdocs...')
#5 E:\xampp\htdocs\eshop\wp-blog-header.php(19): require_once('E:\\xampp\\htdocs...')
#6 E:\xampp\htdocs\eshop\index.php(17): require('E:\\xampp\\htdocs...')
#7 {main}
  thrown in E:\xampp\htdocs\eshop\wp-content\themes\eshop\template-parts\content-blog.php on line 35

2019-08-25T10:51:14+00:00 CRITICAL Uncaught Error: Call to undefined function posted_on() in E:\xampp\htdocs\eshop\wp-content\themes\eshop\template-parts\content-blog.php:35
Stack trace:
#0 E:\xampp\htdocs\eshop\wp-includes\template.php(724): require()
#1 E:\xampp\htdocs\eshop\wp-includes\template.php(671): load_template('E:\\xampp\\htdocs...', false)
#2 E:\xampp\htdocs\eshop\wp-includes\general-template.php(168): locate_template(Array, true, false)
#3 E:\xampp\htdocs\eshop\wp-content\themes\eshop\page-blog.php(12): get_template_part('template-parts/...')
#4 E:\xampp\htdocs\eshop\wp-includes\template-loader.php(78): include('E:\\xampp\\htdocs...')
#5 E:\xampp\htdocs\eshop\wp-blog-header.php(19): require_once('E:\\xampp\\htdocs...')
#6 E:\xampp\htdocs\eshop\index.php(17): require('E:\\xampp\\htdocs...')
#7 {main}
  thrown in E:\xampp\htdocs\eshop\wp-content\themes\eshop\template-parts\content-blog.php on line 35

2019-08-25T11:13:43+00:00 CRITICAL Cannot redeclare wp_get_post_categories() (previously declared in E:\xampp\htdocs\eshop\wp-includes\post.php:3215) in E:\xampp\htdocs\eshop\wp-content\themes\eshop\functions.php on line 280

2019-08-25T11:14:50+00:00 CRITICAL Cannot redeclare get_the_category() (previously declared in E:\xampp\htdocs\eshop\wp-includes\category-template.php:76) in E:\xampp\htdocs\eshop\wp-content\themes\eshop\functions.php on line 293

2019-08-25T11:16:55+00:00 CRITICAL Cannot redeclare get_the_category() (previously declared in E:\xampp\htdocs\eshop\wp-includes\category-template.php:76) in E:\xampp\htdocs\eshop\wp-content\themes\eshop\functions.php on line 293

2019-08-25T11:17:32+00:00 CRITICAL Cannot redeclare get_the_category() (previously declared in E:\xampp\htdocs\eshop\wp-includes\category-template.php:76) in E:\xampp\htdocs\eshop\wp-content\themes\eshop\functions.php on line 293

2019-08-25T11:17:37+00:00 CRITICAL Cannot redeclare get_the_category() (previously declared in E:\xampp\htdocs\eshop\wp-includes\category-template.php:76) in E:\xampp\htdocs\eshop\wp-content\themes\eshop\functions.php on line 293

