2019-08-23T05:28:34+00:00 CRITICAL Uncaught Error: Call to undefined function woo_pagination() in E:\xampp\htdocs\eshop\wp-content\themes\eshop\woocommerce\loop\loop-end.php:23
Stack trace:
#0 E:\xampp\htdocs\eshop\wp-content\plugins\woocommerce\includes\wc-core-functions.php(249): include()
#1 E:\xampp\htdocs\eshop\wp-content\plugins\woocommerce\includes\wc-template-functions.php(1104): wc_get_template('loop/loop-end.p...')
#2 E:\xampp\htdocs\eshop\wp-content\themes\eshop\woocommerce\archive-product.php(64): woocommerce_product_loop_end()
#3 E:\xampp\htdocs\eshop\wp-includes\template-loader.php(78): include('E:\\xampp\\htdocs...')
#4 E:\xampp\htdocs\eshop\wp-blog-header.php(19): require_once('E:\\xampp\\htdocs...')
#5 E:\xampp\htdocs\eshop\index.php(17): require('E:\\xampp\\htdocs...')
#6 {main}
  thrown in E:\xampp\htdocs\eshop\wp-content\themes\eshop\woocommerce\loop\loop-end.php on line 23

2019-08-23T05:28:42+00:00 CRITICAL Uncaught Error: Call to undefined function woo_pagination() in E:\xampp\htdocs\eshop\wp-content\themes\eshop\woocommerce\loop\loop-end.php:23
Stack trace:
#0 E:\xampp\htdocs\eshop\wp-content\plugins\woocommerce\includes\wc-core-functions.php(249): include()
#1 E:\xampp\htdocs\eshop\wp-content\plugins\woocommerce\includes\wc-template-functions.php(1104): wc_get_template('loop/loop-end.p...')
#2 E:\xampp\htdocs\eshop\wp-content\themes\eshop\woocommerce\archive-product.php(64): woocommerce_product_loop_end()
#3 E:\xampp\htdocs\eshop\wp-includes\template-loader.php(78): include('E:\\xampp\\htdocs...')
#4 E:\xampp\htdocs\eshop\wp-blog-header.php(19): require_once('E:\\xampp\\htdocs...')
#5 E:\xampp\htdocs\eshop\index.php(17): require('E:\\xampp\\htdocs...')
#6 {main}
  thrown in E:\xampp\htdocs\eshop\wp-content\themes\eshop\woocommerce\loop\loop-end.php on line 23

2019-08-23T05:28:54+00:00 CRITICAL Uncaught Error: Call to undefined function woo_pagination() in E:\xampp\htdocs\eshop\wp-content\themes\eshop\woocommerce\loop\loop-end.php:22
Stack trace:
#0 E:\xampp\htdocs\eshop\wp-content\plugins\woocommerce\includes\wc-core-functions.php(249): include()
#1 E:\xampp\htdocs\eshop\wp-content\plugins\woocommerce\includes\wc-template-functions.php(1104): wc_get_template('loop/loop-end.p...')
#2 E:\xampp\htdocs\eshop\wp-content\themes\eshop\woocommerce\archive-product.php(64): woocommerce_product_loop_end()
#3 E:\xampp\htdocs\eshop\wp-includes\template-loader.php(78): include('E:\\xampp\\htdocs...')
#4 E:\xampp\htdocs\eshop\wp-blog-header.php(19): require_once('E:\\xampp\\htdocs...')
#5 E:\xampp\htdocs\eshop\index.php(17): require('E:\\xampp\\htdocs...')
#6 {main}
  thrown in E:\xampp\htdocs\eshop\wp-content\themes\eshop\woocommerce\loop\loop-end.php on line 22

2019-08-23T05:38:42+00:00 CRITICAL Uncaught ArgumentCountError: Too few arguments to function add_action(), 1 passed in E:\xampp\htdocs\eshop\wp-content\themes\eshop\woocommerce\loop\loop-end.php on line 23 and at least 2 expected in E:\xampp\htdocs\eshop\wp-includes\plugin.php:405
Stack trace:
#0 E:\xampp\htdocs\eshop\wp-content\themes\eshop\woocommerce\loop\loop-end.php(23): add_action('woocommerce_pag...')
#1 E:\xampp\htdocs\eshop\wp-content\plugins\woocommerce\includes\wc-core-functions.php(249): include('E:\\xampp\\htdocs...')
#2 E:\xampp\htdocs\eshop\wp-content\plugins\woocommerce\includes\wc-template-functions.php(1104): wc_get_template('loop/loop-end.p...')
#3 E:\xampp\htdocs\eshop\wp-content\themes\eshop\woocommerce\archive-product.php(64): woocommerce_product_loop_end()
#4 E:\xampp\htdocs\eshop\wp-includes\template-loader.php(78): include('E:\\xampp\\htdocs...')
#5 E:\xampp\htdocs\eshop\wp-blog-header.php(19): require_once('E:\\xampp\\htdocs...')
#6 E:\xampp\htdocs\eshop\index.php(17): require('E:\\xampp\\htdocs...')
#7 {main}
  thro in E:\xampp\htdocs\eshop\wp-includes\plugin.php on line 405

2019-08-23T05:51:24+00:00 CRITICAL Uncaught Error: Call to undefined function woo_pagination() in E:\xampp\htdocs\eshop\wp-content\themes\eshop\woocommerce\loop\loop-end.php:23
Stack trace:
#0 E:\xampp\htdocs\eshop\wp-content\plugins\woocommerce\includes\wc-core-functions.php(249): include()
#1 E:\xampp\htdocs\eshop\wp-content\plugins\woocommerce\includes\wc-template-functions.php(1104): wc_get_template('loop/loop-end.p...')
#2 E:\xampp\htdocs\eshop\wp-content\themes\eshop\woocommerce\archive-product.php(64): woocommerce_product_loop_end()
#3 E:\xampp\htdocs\eshop\wp-includes\template-loader.php(78): include('E:\\xampp\\htdocs...')
#4 E:\xampp\htdocs\eshop\wp-blog-header.php(19): require_once('E:\\xampp\\htdocs...')
#5 E:\xampp\htdocs\eshop\index.php(17): require('E:\\xampp\\htdocs...')
#6 {main}
  thrown in E:\xampp\htdocs\eshop\wp-content\themes\eshop\woocommerce\loop\loop-end.php on line 23

2019-08-23T05:51:34+00:00 CRITICAL Uncaught Error: Call to undefined function woo_pagination() in E:\xampp\htdocs\eshop\wp-content\themes\eshop\woocommerce\loop\loop-end.php:23
Stack trace:
#0 E:\xampp\htdocs\eshop\wp-content\plugins\woocommerce\includes\wc-core-functions.php(249): include()
#1 E:\xampp\htdocs\eshop\wp-content\plugins\woocommerce\includes\wc-template-functions.php(1104): wc_get_template('loop/loop-end.p...')
#2 E:\xampp\htdocs\eshop\wp-content\themes\eshop\woocommerce\archive-product.php(64): woocommerce_product_loop_end()
#3 E:\xampp\htdocs\eshop\wp-includes\template-loader.php(78): include('E:\\xampp\\htdocs...')
#4 E:\xampp\htdocs\eshop\wp-blog-header.php(19): require_once('E:\\xampp\\htdocs...')
#5 E:\xampp\htdocs\eshop\index.php(17): require('E:\\xampp\\htdocs...')
#6 {main}
  thrown in E:\xampp\htdocs\eshop\wp-content\themes\eshop\woocommerce\loop\loop-end.php on line 23

2019-08-23T05:51:58+00:00 CRITICAL Uncaught Error: Call to undefined function woo_pagination() in E:\xampp\htdocs\eshop\wp-content\themes\eshop\woocommerce\loop\loop-end.php:24
Stack trace:
#0 E:\xampp\htdocs\eshop\wp-content\plugins\woocommerce\includes\wc-core-functions.php(249): include()
#1 E:\xampp\htdocs\eshop\wp-content\plugins\woocommerce\includes\wc-template-functions.php(1104): wc_get_template('loop/loop-end.p...')
#2 E:\xampp\htdocs\eshop\wp-content\themes\eshop\woocommerce\archive-product.php(64): woocommerce_product_loop_end()
#3 E:\xampp\htdocs\eshop\wp-includes\template-loader.php(78): include('E:\\xampp\\htdocs...')
#4 E:\xampp\htdocs\eshop\wp-blog-header.php(19): require_once('E:\\xampp\\htdocs...')
#5 E:\xampp\htdocs\eshop\index.php(17): require('E:\\xampp\\htdocs...')
#6 {main}
  thrown in E:\xampp\htdocs\eshop\wp-content\themes\eshop\woocommerce\loop\loop-end.php on line 24

2019-08-23T06:20:51+00:00 CRITICAL Uncaught Error: Call to undefined function pagination() in E:\xampp\htdocs\eshop\wp-content\themes\eshop\woocommerce\loop\loop-end.php:22
Stack trace:
#0 E:\xampp\htdocs\eshop\wp-content\plugins\woocommerce\includes\wc-core-functions.php(249): include()
#1 E:\xampp\htdocs\eshop\wp-content\plugins\woocommerce\includes\wc-template-functions.php(1104): wc_get_template('loop/loop-end.p...')
#2 E:\xampp\htdocs\eshop\wp-content\themes\eshop\woocommerce\archive-product.php(64): woocommerce_product_loop_end()
#3 E:\xampp\htdocs\eshop\wp-includes\template-loader.php(78): include('E:\\xampp\\htdocs...')
#4 E:\xampp\htdocs\eshop\wp-blog-header.php(19): require_once('E:\\xampp\\htdocs...')
#5 E:\xampp\htdocs\eshop\index.php(17): require('E:\\xampp\\htdocs...')
#6 {main}
  thrown in E:\xampp\htdocs\eshop\wp-content\themes\eshop\woocommerce\loop\loop-end.php on line 22

2019-08-23T06:21:06+00:00 CRITICAL Uncaught Error: Call to undefined function pagination() in E:\xampp\htdocs\eshop\wp-content\themes\eshop\woocommerce\loop\loop-end.php:22
Stack trace:
#0 E:\xampp\htdocs\eshop\wp-content\plugins\woocommerce\includes\wc-core-functions.php(249): include()
#1 E:\xampp\htdocs\eshop\wp-content\plugins\woocommerce\includes\wc-template-functions.php(1104): wc_get_template('loop/loop-end.p...')
#2 E:\xampp\htdocs\eshop\wp-content\themes\eshop\woocommerce\archive-product.php(64): woocommerce_product_loop_end()
#3 E:\xampp\htdocs\eshop\wp-includes\template-loader.php(78): include('E:\\xampp\\htdocs...')
#4 E:\xampp\htdocs\eshop\wp-blog-header.php(19): require_once('E:\\xampp\\htdocs...')
#5 E:\xampp\htdocs\eshop\index.php(17): require('E:\\xampp\\htdocs...')
#6 {main}
  thrown in E:\xampp\htdocs\eshop\wp-content\themes\eshop\woocommerce\loop\loop-end.php on line 22

2019-08-23T06:26:20+00:00 CRITICAL Uncaught Error: Call to undefined function woo_pagination() in E:\xampp\htdocs\eshop\wp-content\themes\eshop\woocommerce\loop\loop-end.php:25
Stack trace:
#0 E:\xampp\htdocs\eshop\wp-content\plugins\woocommerce\includes\wc-core-functions.php(249): include()
#1 E:\xampp\htdocs\eshop\wp-content\plugins\woocommerce\includes\wc-template-functions.php(1104): wc_get_template('loop/loop-end.p...')
#2 E:\xampp\htdocs\eshop\wp-content\themes\eshop\woocommerce\archive-product.php(64): woocommerce_product_loop_end()
#3 E:\xampp\htdocs\eshop\wp-includes\template-loader.php(78): include('E:\\xampp\\htdocs...')
#4 E:\xampp\htdocs\eshop\wp-blog-header.php(19): require_once('E:\\xampp\\htdocs...')
#5 E:\xampp\htdocs\eshop\index.php(17): require('E:\\xampp\\htdocs...')
#6 {main}
  thrown in E:\xampp\htdocs\eshop\wp-content\themes\eshop\woocommerce\loop\loop-end.php on line 25

2019-08-23T06:26:38+00:00 CRITICAL Uncaught Error: Call to undefined function woo_pagination() in E:\xampp\htdocs\eshop\wp-content\themes\eshop\woocommerce\loop\loop-end.php:26
Stack trace:
#0 E:\xampp\htdocs\eshop\wp-content\plugins\woocommerce\includes\wc-core-functions.php(249): include()
#1 E:\xampp\htdocs\eshop\wp-content\plugins\woocommerce\includes\wc-template-functions.php(1104): wc_get_template('loop/loop-end.p...')
#2 E:\xampp\htdocs\eshop\wp-content\themes\eshop\woocommerce\archive-product.php(64): woocommerce_product_loop_end()
#3 E:\xampp\htdocs\eshop\wp-includes\template-loader.php(78): include('E:\\xampp\\htdocs...')
#4 E:\xampp\htdocs\eshop\wp-blog-header.php(19): require_once('E:\\xampp\\htdocs...')
#5 E:\xampp\htdocs\eshop\index.php(17): require('E:\\xampp\\htdocs...')
#6 {main}
  thrown in E:\xampp\htdocs\eshop\wp-content\themes\eshop\woocommerce\loop\loop-end.php on line 26

2019-08-23T06:27:42+00:00 CRITICAL Uncaught Error: Call to undefined function woo_pagination() in E:\xampp\htdocs\eshop\wp-content\themes\eshop\woocommerce\loop\loop-end.php:23
Stack trace:
#0 E:\xampp\htdocs\eshop\wp-content\plugins\woocommerce\includes\wc-core-functions.php(249): include()
#1 E:\xampp\htdocs\eshop\wp-content\plugins\woocommerce\includes\wc-template-functions.php(1104): wc_get_template('loop/loop-end.p...')
#2 E:\xampp\htdocs\eshop\wp-content\themes\eshop\woocommerce\archive-product.php(64): woocommerce_product_loop_end()
#3 E:\xampp\htdocs\eshop\wp-includes\template-loader.php(78): include('E:\\xampp\\htdocs...')
#4 E:\xampp\htdocs\eshop\wp-blog-header.php(19): require_once('E:\\xampp\\htdocs...')
#5 E:\xampp\htdocs\eshop\index.php(17): require('E:\\xampp\\htdocs...')
#6 {main}
  thrown in E:\xampp\htdocs\eshop\wp-content\themes\eshop\woocommerce\loop\loop-end.php on line 23

2019-08-23T06:29:04+00:00 CRITICAL Uncaught Error: Call to undefined function woo_pagination() in E:\xampp\htdocs\eshop\wp-content\themes\eshop\woocommerce\loop\loop-end.php:26
Stack trace:
#0 E:\xampp\htdocs\eshop\wp-content\plugins\woocommerce\includes\wc-core-functions.php(249): include()
#1 E:\xampp\htdocs\eshop\wp-content\plugins\woocommerce\includes\wc-template-functions.php(1104): wc_get_template('loop/loop-end.p...')
#2 E:\xampp\htdocs\eshop\wp-content\themes\eshop\woocommerce\archive-product.php(64): woocommerce_product_loop_end()
#3 E:\xampp\htdocs\eshop\wp-includes\template-loader.php(78): include('E:\\xampp\\htdocs...')
#4 E:\xampp\htdocs\eshop\wp-blog-header.php(19): require_once('E:\\xampp\\htdocs...')
#5 E:\xampp\htdocs\eshop\index.php(17): require('E:\\xampp\\htdocs...')
#6 {main}
  thrown in E:\xampp\htdocs\eshop\wp-content\themes\eshop\woocommerce\loop\loop-end.php on line 26

2019-08-23T06:30:26+00:00 CRITICAL Uncaught Error: Call to undefined function woo_pagination() in E:\xampp\htdocs\eshop\wp-content\themes\eshop\woocommerce\loop\loop-end.php:26
Stack trace:
#0 E:\xampp\htdocs\eshop\wp-content\plugins\woocommerce\includes\wc-core-functions.php(249): include()
#1 E:\xampp\htdocs\eshop\wp-content\plugins\woocommerce\includes\wc-template-functions.php(1104): wc_get_template('loop/loop-end.p...')
#2 E:\xampp\htdocs\eshop\wp-content\themes\eshop\woocommerce\archive-product.php(64): woocommerce_product_loop_end()
#3 E:\xampp\htdocs\eshop\wp-includes\template-loader.php(78): include('E:\\xampp\\htdocs...')
#4 E:\xampp\htdocs\eshop\wp-blog-header.php(19): require_once('E:\\xampp\\htdocs...')
#5 E:\xampp\htdocs\eshop\index.php(17): require('E:\\xampp\\htdocs...')
#6 {main}
  thrown in E:\xampp\htdocs\eshop\wp-content\themes\eshop\woocommerce\loop\loop-end.php on line 26

2019-08-23T06:34:06+00:00 CRITICAL syntax error, unexpected ',' in E:\xampp\htdocs\eshop\wp-content\themes\eshop\functions.php on line 246

2019-08-23T07:25:18+00:00 CRITICAL syntax error, unexpected ',' in E:\xampp\htdocs\eshop\wp-content\themes\eshop\functions.php on line 255

2019-08-23T07:27:18+00:00 CRITICAL syntax error, unexpected ')' in E:\xampp\htdocs\eshop\wp-content\themes\eshop\functions.php on line 264

2019-08-23T15:19:10+00:00 CRITICAL syntax error, unexpected end of file in E:\xampp\htdocs\eshop\wp-content\themes\eshop\functions.php on line 311

2019-08-23T15:20:31+00:00 CRITICAL syntax error, unexpected end of file in E:\xampp\htdocs\eshop\wp-content\themes\eshop\functions.php on line 314

2019-08-23T15:20:33+00:00 CRITICAL syntax error, unexpected end of file in E:\xampp\htdocs\eshop\wp-content\themes\eshop\functions.php on line 314

2019-08-23T15:20:33+00:00 CRITICAL syntax error, unexpected end of file in E:\xampp\htdocs\eshop\wp-content\themes\eshop\functions.php on line 314

2019-08-23T17:38:03+00:00 CRITICAL syntax error, unexpected end of file in E:\xampp\htdocs\eshop\wp-content\themes\eshop\home.php on line 41

2019-08-23T17:38:24+00:00 CRITICAL syntax error, unexpected end of file in E:\xampp\htdocs\eshop\wp-content\themes\eshop\home.php on line 41

2019-08-23T17:38:29+00:00 CRITICAL syntax error, unexpected end of file in E:\xampp\htdocs\eshop\wp-content\themes\eshop\home.php on line 41

2019-08-23T17:39:08+00:00 CRITICAL syntax error, unexpected end of file in E:\xampp\htdocs\eshop\wp-content\themes\eshop\home.php on line 41

2019-08-23T17:40:32+00:00 CRITICAL syntax error, unexpected end of file in E:\xampp\htdocs\eshop\wp-content\themes\eshop\home.php on line 41

2019-08-23T17:40:58+00:00 CRITICAL syntax error, unexpected 'endif' (T_ENDIF) in E:\xampp\htdocs\eshop\wp-content\themes\eshop\home.php on line 40

2019-08-23T17:42:07+00:00 CRITICAL syntax error, unexpected '}' in E:\xampp\htdocs\eshop\wp-content\themes\eshop\home.php on line 40

2019-08-23T17:58:58+00:00 CRITICAL syntax error, unexpected '}', expecting elseif (T_ELSEIF) or else (T_ELSE) or endif (T_ENDIF) in E:\xampp\htdocs\eshop\wp-content\themes\eshop\home.php on line 37

2019-08-23T17:59:28+00:00 CRITICAL syntax error, unexpected '}', expecting elseif (T_ELSEIF) or else (T_ELSE) or endif (T_ENDIF) in E:\xampp\htdocs\eshop\wp-content\themes\eshop\home.php on line 37

2019-08-23T18:00:24+00:00 CRITICAL syntax error, unexpected '}', expecting elseif (T_ELSEIF) or else (T_ELSE) or endif (T_ENDIF) in E:\xampp\htdocs\eshop\wp-content\themes\eshop\home.php on line 37

2019-08-23T18:03:30+00:00 CRITICAL syntax error, unexpected 'else' (T_ELSE) in E:\xampp\htdocs\eshop\wp-content\themes\eshop\home.php on line 43

