2019-08-21T06:46:36+00:00 CRITICAL syntax error, unexpected 'public' (T_PUBLIC), expecting end of file in E:\xampp\htdocs\eshop\wp-content\themes\eshop\functions.php on line 286

2019-08-21T06:46:38+00:00 CRITICAL syntax error, unexpected 'public' (T_PUBLIC), expecting end of file in E:\xampp\htdocs\eshop\wp-content\themes\eshop\functions.php on line 286

2019-08-21T06:47:33+00:00 CRITICAL syntax error, unexpected 'public' (T_PUBLIC), expecting end of file in E:\xampp\htdocs\eshop\wp-content\themes\eshop\functions.php on line 286

2019-08-21T07:19:32+00:00 CRITICAL syntax error, unexpected 'public' (T_PUBLIC), expecting end of file in E:\xampp\htdocs\eshop\wp-content\themes\eshop\functions.php on line 242

2019-08-21T07:25:02+00:00 CRITICAL Uncaught ArgumentCountError: Too few arguments to function bootstrap_woocommerce_form_field(), 0 passed in E:\xampp\htdocs\eshop\wp-content\themes\eshop\woocommerce\checkout\form-checkout.php on line 30 and at least 2 expected in E:\xampp\htdocs\eshop\wp-content\themes\eshop\functions.php:241
Stack trace:
#0 E:\xampp\htdocs\eshop\wp-content\themes\eshop\woocommerce\checkout\form-checkout.php(30): bootstrap_woocommerce_form_field()
#1 E:\xampp\htdocs\eshop\wp-content\plugins\woocommerce\includes\wc-core-functions.php(249): include('E:\\xampp\\htdocs...')
#2 E:\xampp\htdocs\eshop\wp-content\plugins\woocommerce\includes\shortcodes\class-wc-shortcode-checkout.php(285): wc_get_template('checkout/form-c...', Array)
#3 E:\xampp\htdocs\eshop\wp-content\plugins\woocommerce\includes\shortcodes\class-wc-shortcode-checkout.php(67): WC_Shortcode_Checkout::checkout()
#4 E:\xampp\htdocs\eshop\wp-content\plugins\woocommerce\includes\class-wc-shortcodes.php(72): WC_Shortcode_Checkout::output('')
#5 E:\xampp\htdocs\eshop\wp-co in E:\xampp\htdocs\eshop\wp-content\themes\eshop\functions.php on line 241

2019-08-21T07:25:41+00:00 CRITICAL Uncaught ArgumentCountError: Too few arguments to function bootstrap_woocommerce_form_field(), 0 passed in E:\xampp\htdocs\eshop\wp-content\themes\eshop\woocommerce\checkout\form-checkout.php on line 30 and at least 2 expected in E:\xampp\htdocs\eshop\wp-content\themes\eshop\functions.php:241
Stack trace:
#0 E:\xampp\htdocs\eshop\wp-content\themes\eshop\woocommerce\checkout\form-checkout.php(30): bootstrap_woocommerce_form_field()
#1 E:\xampp\htdocs\eshop\wp-content\plugins\woocommerce\includes\wc-core-functions.php(249): include('E:\\xampp\\htdocs...')
#2 E:\xampp\htdocs\eshop\wp-content\plugins\woocommerce\includes\shortcodes\class-wc-shortcode-checkout.php(285): wc_get_template('checkout/form-c...', Array)
#3 E:\xampp\htdocs\eshop\wp-content\plugins\woocommerce\includes\shortcodes\class-wc-shortcode-checkout.php(67): WC_Shortcode_Checkout::checkout()
#4 E:\xampp\htdocs\eshop\wp-content\plugins\woocommerce\includes\class-wc-shortcodes.php(72): WC_Shortcode_Checkout::output('')
#5 E:\xampp\htdocs\eshop\wp-co in E:\xampp\htdocs\eshop\wp-content\themes\eshop\functions.php on line 241

2019-08-21T07:25:50+00:00 CRITICAL Uncaught ArgumentCountError: Too few arguments to function bootstrap_woocommerce_form_field(), 0 passed in E:\xampp\htdocs\eshop\wp-content\themes\eshop\woocommerce\checkout\form-checkout.php on line 30 and at least 2 expected in E:\xampp\htdocs\eshop\wp-content\themes\eshop\functions.php:241
Stack trace:
#0 E:\xampp\htdocs\eshop\wp-content\themes\eshop\woocommerce\checkout\form-checkout.php(30): bootstrap_woocommerce_form_field()
#1 E:\xampp\htdocs\eshop\wp-content\plugins\woocommerce\includes\wc-core-functions.php(249): include('E:\\xampp\\htdocs...')
#2 E:\xampp\htdocs\eshop\wp-content\plugins\woocommerce\includes\shortcodes\class-wc-shortcode-checkout.php(285): wc_get_template('checkout/form-c...', Array)
#3 E:\xampp\htdocs\eshop\wp-content\plugins\woocommerce\includes\shortcodes\class-wc-shortcode-checkout.php(67): WC_Shortcode_Checkout::checkout()
#4 E:\xampp\htdocs\eshop\wp-content\plugins\woocommerce\includes\class-wc-shortcodes.php(72): WC_Shortcode_Checkout::output('')
#5 E:\xampp\htdocs\eshop\wp-co in E:\xampp\htdocs\eshop\wp-content\themes\eshop\functions.php on line 241

2019-08-21T07:25:59+00:00 CRITICAL Uncaught ArgumentCountError: Too few arguments to function bootstrap_woocommerce_form_field(), 0 passed in E:\xampp\htdocs\eshop\wp-content\themes\eshop\woocommerce\checkout\form-checkout.php on line 30 and at least 2 expected in E:\xampp\htdocs\eshop\wp-content\themes\eshop\functions.php:241
Stack trace:
#0 E:\xampp\htdocs\eshop\wp-content\themes\eshop\woocommerce\checkout\form-checkout.php(30): bootstrap_woocommerce_form_field()
#1 E:\xampp\htdocs\eshop\wp-content\plugins\woocommerce\includes\wc-core-functions.php(249): include('E:\\xampp\\htdocs...')
#2 E:\xampp\htdocs\eshop\wp-content\plugins\woocommerce\includes\shortcodes\class-wc-shortcode-checkout.php(285): wc_get_template('checkout/form-c...', Array)
#3 E:\xampp\htdocs\eshop\wp-content\plugins\woocommerce\includes\shortcodes\class-wc-shortcode-checkout.php(67): WC_Shortcode_Checkout::checkout()
#4 E:\xampp\htdocs\eshop\wp-content\plugins\woocommerce\includes\class-wc-shortcodes.php(72): WC_Shortcode_Checkout::output('')
#5 E:\xampp\htdocs\eshop\wp-co in E:\xampp\htdocs\eshop\wp-content\themes\eshop\functions.php on line 241

2019-08-21T07:26:24+00:00 CRITICAL Uncaught ArgumentCountError: Too few arguments to function bootstrap_woocommerce_form_field(), 0 passed in E:\xampp\htdocs\eshop\wp-content\themes\eshop\woocommerce\checkout\form-checkout.php on line 30 and at least 2 expected in E:\xampp\htdocs\eshop\wp-content\themes\eshop\functions.php:241
Stack trace:
#0 E:\xampp\htdocs\eshop\wp-content\themes\eshop\woocommerce\checkout\form-checkout.php(30): bootstrap_woocommerce_form_field()
#1 E:\xampp\htdocs\eshop\wp-content\plugins\woocommerce\includes\wc-core-functions.php(249): include('E:\\xampp\\htdocs...')
#2 E:\xampp\htdocs\eshop\wp-content\plugins\woocommerce\includes\shortcodes\class-wc-shortcode-checkout.php(285): wc_get_template('checkout/form-c...', Array)
#3 E:\xampp\htdocs\eshop\wp-content\plugins\woocommerce\includes\shortcodes\class-wc-shortcode-checkout.php(67): WC_Shortcode_Checkout::checkout()
#4 E:\xampp\htdocs\eshop\wp-content\plugins\woocommerce\includes\class-wc-shortcodes.php(72): WC_Shortcode_Checkout::output('')
#5 E:\xampp\htdocs\eshop\wp-co in E:\xampp\htdocs\eshop\wp-content\themes\eshop\functions.php on line 241

2019-08-21T07:59:54+00:00 CRITICAL syntax error, unexpected '<', expecting end of file in E:\xampp\htdocs\eshop\wp-content\themes\eshop\functions.php on line 236

